{"/Users/arthurmehmetoglu/Development/SmallProjects/tenzies-with-redux/src/app/store.ts": {"path":"/Users/arthurmehmetoglu/Development/SmallProjects/tenzies-with-redux/src/app/store.ts","all":false,"statementMap":{"0":{"start":{"line":1,"column":0},"end":{"line":1,"column":66}},"1":{"start":{"line":2,"column":0},"end":{"line":2,"column":50}},"2":{"start":{"line":3,"column":0},"end":{"line":3,"column":45}},"3":{"start":{"line":4,"column":0},"end":{"line":4,"column":0}},"4":{"start":{"line":5,"column":0},"end":{"line":5,"column":37}},"5":{"start":{"line":6,"column":0},"end":{"line":6,"column":26}},"6":{"start":{"line":7,"column":0},"end":{"line":7,"column":2}},"7":{"start":{"line":8,"column":0},"end":{"line":8,"column":0}},"8":{"start":{"line":9,"column":0},"end":{"line":9,"column":65}},"9":{"start":{"line":10,"column":0},"end":{"line":10,"column":18}},"10":{"start":{"line":11,"column":0},"end":{"line":11,"column":25}},"11":{"start":{"line":12,"column":0},"end":{"line":12,"column":41}},"12":{"start":{"line":13,"column":0},"end":{"line":13,"column":28}},"13":{"start":{"line":14,"column":0},"end":{"line":14,"column":33}},"14":{"start":{"line":15,"column":0},"end":{"line":15,"column":16}},"15":{"start":{"line":16,"column":0},"end":{"line":16,"column":38}},"16":{"start":{"line":17,"column":0},"end":{"line":17,"column":10}},"17":{"start":{"line":18,"column":0},"end":{"line":18,"column":9}},"18":{"start":{"line":19,"column":0},"end":{"line":19,"column":4}}},"s":{"0":1,"1":1,"2":1,"3":1,"4":1,"5":1,"6":1,"7":1,"8":1,"9":1,"10":1,"11":1,"12":1,"13":1,"14":1,"15":1,"16":1,"17":1,"18":1},"branchMap":{"0":{"type":"branch","line":9,"loc":{"start":{"line":9,"column":34},"end":{"line":19,"column":4}},"locations":[{"start":{"line":9,"column":34},"end":{"line":19,"column":4}}]},"1":{"type":"branch","line":12,"loc":{"start":{"line":12,"column":16},"end":{"line":18,"column":8}},"locations":[{"start":{"line":12,"column":16},"end":{"line":18,"column":8}}]}},"b":{"0":[1],"1":[1]},"fnMap":{"0":{"name":"configureStoreWith","decl":{"start":{"line":9,"column":34},"end":{"line":19,"column":4}},"loc":{"start":{"line":9,"column":34},"end":{"line":19,"column":4}},"line":9},"1":{"name":"middleware","decl":{"start":{"line":12,"column":16},"end":{"line":18,"column":8}},"loc":{"start":{"line":12,"column":16},"end":{"line":18,"column":8}},"line":12}},"f":{"0":1,"1":1}}
,"/Users/arthurmehmetoglu/Development/SmallProjects/tenzies-with-redux/src/core/dice/diceSlice.ts": {"path":"/Users/arthurmehmetoglu/Development/SmallProjects/tenzies-with-redux/src/core/dice/diceSlice.ts","all":false,"statementMap":{"0":{"start":{"line":1,"column":0},"end":{"line":1,"column":64}},"1":{"start":{"line":2,"column":0},"end":{"line":2,"column":53}},"2":{"start":{"line":3,"column":0},"end":{"line":3,"column":36}},"3":{"start":{"line":4,"column":0},"end":{"line":4,"column":0}},"4":{"start":{"line":5,"column":0},"end":{"line":5,"column":26}},"5":{"start":{"line":6,"column":0},"end":{"line":6,"column":21}},"6":{"start":{"line":7,"column":0},"end":{"line":7,"column":1}},"7":{"start":{"line":8,"column":0},"end":{"line":8,"column":0}},"8":{"start":{"line":9,"column":0},"end":{"line":9,"column":71}},"9":{"start":{"line":10,"column":0},"end":{"line":10,"column":18}},"10":{"start":{"line":11,"column":0},"end":{"line":11,"column":70}},"11":{"start":{"line":12,"column":0},"end":{"line":12,"column":62}},"12":{"start":{"line":13,"column":0},"end":{"line":13,"column":34}},"13":{"start":{"line":14,"column":0},"end":{"line":14,"column":56}},"14":{"start":{"line":15,"column":0},"end":{"line":15,"column":4}},"15":{"start":{"line":16,"column":0},"end":{"line":16,"column":1}},"16":{"start":{"line":17,"column":0},"end":{"line":17,"column":0}},"17":{"start":{"line":18,"column":0},"end":{"line":18,"column":29}},"18":{"start":{"line":19,"column":0},"end":{"line":19,"column":20}},"19":{"start":{"line":20,"column":0},"end":{"line":20,"column":17}},"20":{"start":{"line":21,"column":0},"end":{"line":21,"column":14}},"21":{"start":{"line":22,"column":0},"end":{"line":22,"column":1}},"22":{"start":{"line":23,"column":0},"end":{"line":23,"column":0}},"23":{"start":{"line":24,"column":0},"end":{"line":24,"column":38}},"24":{"start":{"line":25,"column":0},"end":{"line":25,"column":15}},"25":{"start":{"line":26,"column":0},"end":{"line":26,"column":15}},"26":{"start":{"line":27,"column":0},"end":{"line":27,"column":15}},"27":{"start":{"line":28,"column":0},"end":{"line":28,"column":31}},"28":{"start":{"line":29,"column":0},"end":{"line":29,"column":60}},"29":{"start":{"line":30,"column":0},"end":{"line":30,"column":36}},"30":{"start":{"line":31,"column":0},"end":{"line":31,"column":30}},"31":{"start":{"line":32,"column":0},"end":{"line":32,"column":6}},"32":{"start":{"line":33,"column":0},"end":{"line":33,"column":4}},"33":{"start":{"line":34,"column":0},"end":{"line":34,"column":2}}},"s":{"0":1,"1":1,"2":1,"3":1,"4":1,"5":1,"6":1,"7":1,"8":1,"9":1,"10":1,"11":1,"12":1,"13":1,"14":1,"15":1,"16":1,"17":1,"18":1,"19":1,"20":1,"21":1,"22":1,"23":1,"24":1,"25":1,"26":1,"27":1,"28":1,"29":1,"30":1,"31":1,"32":1,"33":1},"branchMap":{"0":{"type":"branch","line":11,"loc":{"start":{"line":11,"column":2},"end":{"line":15,"column":4}},"locations":[{"start":{"line":11,"column":2},"end":{"line":15,"column":4}}]},"1":{"type":"branch","line":28,"loc":{"start":{"line":28,"column":17},"end":{"line":33,"column":3}},"locations":[{"start":{"line":28,"column":17},"end":{"line":33,"column":3}}]},"2":{"type":"branch","line":29,"loc":{"start":{"line":29,"column":40},"end":{"line":32,"column":5}},"locations":[{"start":{"line":29,"column":40},"end":{"line":32,"column":5}}]}},"b":{"0":[1],"1":[1],"2":[1]},"fnMap":{"0":{"name":"extraReducers","decl":{"start":{"line":28,"column":17},"end":{"line":33,"column":3}},"loc":{"start":{"line":28,"column":17},"end":{"line":33,"column":3}},"line":28}},"f":{"0":1}}
,"/Users/arthurmehmetoglu/Development/SmallProjects/tenzies-with-redux/src/core/dice/entities/Die.ts": {"path":"/Users/arthurmehmetoglu/Development/SmallProjects/tenzies-with-redux/src/core/dice/entities/Die.ts","all":false,"statementMap":{"0":{"start":{"line":1,"column":0},"end":{"line":1,"column":20}},"1":{"start":{"line":2,"column":0},"end":{"line":2,"column":15}},"2":{"start":{"line":3,"column":0},"end":{"line":3,"column":17}},"3":{"start":{"line":4,"column":0},"end":{"line":4,"column":1}},"4":{"start":{"line":5,"column":0},"end":{"line":5,"column":0}},"5":{"start":{"line":6,"column":0},"end":{"line":6,"column":18}},"6":{"start":{"line":7,"column":0},"end":{"line":7,"column":63}},"7":{"start":{"line":8,"column":0},"end":{"line":8,"column":1}}},"s":{"0":1,"1":1,"2":1,"3":1,"4":1,"5":1,"6":1,"7":1},"branchMap":{"0":{"type":"branch","line":7,"loc":{"start":{"line":7,"column":23},"end":{"line":7,"column":49}},"locations":[{"start":{"line":7,"column":23},"end":{"line":7,"column":49}}]},"1":{"type":"branch","line":7,"loc":{"start":{"line":7,"column":2},"end":{"line":7,"column":63}},"locations":[{"start":{"line":7,"column":2},"end":{"line":7,"column":63}}]}},"b":{"0":[21],"1":[21]},"fnMap":{"0":{"name":"<instance_members_initializer>","decl":{"start":{"line":7,"column":23},"end":{"line":7,"column":49}},"loc":{"start":{"line":7,"column":23},"end":{"line":7,"column":49}},"line":7},"1":{"name":"Die","decl":{"start":{"line":7,"column":2},"end":{"line":7,"column":63}},"loc":{"start":{"line":7,"column":2},"end":{"line":7,"column":63}},"line":7}},"f":{"0":21,"1":21}}
,"/Users/arthurmehmetoglu/Development/SmallProjects/tenzies-with-redux/src/core/dice/usecases/GenerateRandomDiceUseCase.ts": {"path":"/Users/arthurmehmetoglu/Development/SmallProjects/tenzies-with-redux/src/core/dice/usecases/GenerateRandomDiceUseCase.ts","all":false,"statementMap":{"0":{"start":{"line":1,"column":0},"end":{"line":1,"column":64}},"1":{"start":{"line":2,"column":0},"end":{"line":2,"column":48}},"2":{"start":{"line":3,"column":0},"end":{"line":3,"column":37}},"3":{"start":{"line":4,"column":0},"end":{"line":4,"column":0}},"4":{"start":{"line":5,"column":0},"end":{"line":5,"column":40}},"5":{"start":{"line":6,"column":0},"end":{"line":6,"column":14}},"6":{"start":{"line":7,"column":0},"end":{"line":7,"column":51}},"7":{"start":{"line":8,"column":0},"end":{"line":8,"column":35}},"8":{"start":{"line":9,"column":0},"end":{"line":9,"column":6}},"9":{"start":{"line":10,"column":0},"end":{"line":10,"column":20}},"10":{"start":{"line":11,"column":0},"end":{"line":11,"column":29}},"11":{"start":{"line":12,"column":0},"end":{"line":12,"column":32}},"12":{"start":{"line":13,"column":0},"end":{"line":13,"column":22}},"13":{"start":{"line":14,"column":0},"end":{"line":14,"column":43}},"14":{"start":{"line":15,"column":0},"end":{"line":15,"column":3}},"15":{"start":{"line":16,"column":0},"end":{"line":16,"column":0}},"16":{"start":{"line":17,"column":0},"end":{"line":17,"column":32}},"17":{"start":{"line":18,"column":0},"end":{"line":18,"column":19}},"18":{"start":{"line":19,"column":0},"end":{"line":19,"column":62}},"19":{"start":{"line":20,"column":0},"end":{"line":20,"column":20}},"20":{"start":{"line":21,"column":0},"end":{"line":21,"column":5}},"21":{"start":{"line":22,"column":0},"end":{"line":22,"column":51}},"22":{"start":{"line":23,"column":0},"end":{"line":23,"column":3}},"23":{"start":{"line":24,"column":0},"end":{"line":24,"column":1}}},"s":{"0":1,"1":1,"2":1,"3":1,"4":1,"5":1,"6":1,"7":1,"8":1,"9":1,"10":2,"11":2,"12":2,"13":2,"14":2,"15":1,"16":1,"17":20,"18":20,"19":20,"20":20,"21":20,"22":20,"23":1},"branchMap":{"0":{"type":"branch","line":7,"loc":{"start":{"line":7,"column":12},"end":{"line":8,"column":22}},"locations":[{"start":{"line":7,"column":12},"end":{"line":8,"column":22}}]},"1":{"type":"branch","line":6,"loc":{"start":{"line":6,"column":2},"end":{"line":9,"column":6}},"locations":[{"start":{"line":6,"column":2},"end":{"line":9,"column":6}}]},"2":{"type":"branch","line":10,"loc":{"start":{"line":10,"column":2},"end":{"line":15,"column":3}},"locations":[{"start":{"line":10,"column":2},"end":{"line":15,"column":3}}]},"3":{"type":"branch","line":14,"loc":{"start":{"line":14,"column":11},"end":{"line":14,"column":42}},"locations":[{"start":{"line":14,"column":11},"end":{"line":14,"column":42}}]},"4":{"type":"branch","line":17,"loc":{"start":{"line":17,"column":10},"end":{"line":23,"column":3}},"locations":[{"start":{"line":17,"column":10},"end":{"line":23,"column":3}}]}},"b":{"0":[1],"1":[1],"2":[2],"3":[20],"4":[20]},"fnMap":{"0":{"name":"<instance_members_initializer>","decl":{"start":{"line":7,"column":12},"end":{"line":8,"column":22}},"loc":{"start":{"line":7,"column":12},"end":{"line":8,"column":22}},"line":7},"1":{"name":"GenerateRandomDiceUseCase","decl":{"start":{"line":6,"column":2},"end":{"line":9,"column":6}},"loc":{"start":{"line":6,"column":2},"end":{"line":9,"column":6}},"line":6},"2":{"name":"execute","decl":{"start":{"line":10,"column":2},"end":{"line":15,"column":3}},"loc":{"start":{"line":10,"column":2},"end":{"line":15,"column":3}},"line":10},"3":{"name":"generateRandomDice","decl":{"start":{"line":17,"column":10},"end":{"line":23,"column":3}},"loc":{"start":{"line":17,"column":10},"end":{"line":23,"column":3}},"line":17}},"f":{"0":1,"1":1,"2":2,"3":20}}
,"/Users/arthurmehmetoglu/Development/SmallProjects/tenzies-with-redux/src/infrastructure/idProvider/InMemoryIdProvider.ts": {"path":"/Users/arthurmehmetoglu/Development/SmallProjects/tenzies-with-redux/src/infrastructure/idProvider/InMemoryIdProvider.ts","all":false,"statementMap":{"0":{"start":{"line":1,"column":0},"end":{"line":1,"column":61}},"1":{"start":{"line":2,"column":0},"end":{"line":2,"column":0}},"2":{"start":{"line":3,"column":0},"end":{"line":3,"column":55}},"3":{"start":{"line":4,"column":0},"end":{"line":4,"column":20}},"4":{"start":{"line":5,"column":0},"end":{"line":5,"column":17}},"5":{"start":{"line":6,"column":0},"end":{"line":6,"column":3}},"6":{"start":{"line":7,"column":0},"end":{"line":7,"column":1}}},"s":{"0":1,"1":1,"2":1,"3":1,"4":21,"5":21,"6":1},"branchMap":{"0":{"type":"branch","line":4,"loc":{"start":{"line":4,"column":2},"end":{"line":6,"column":3}},"locations":[{"start":{"line":4,"column":2},"end":{"line":6,"column":3}}]}},"b":{"0":[21]},"fnMap":{"0":{"name":"getNew","decl":{"start":{"line":4,"column":2},"end":{"line":6,"column":3}},"loc":{"start":{"line":4,"column":2},"end":{"line":6,"column":3}},"line":4}},"f":{"0":21}}
,"/Users/arthurmehmetoglu/Development/SmallProjects/tenzies-with-redux/src/infrastructure/randomDiceProvider/InMemoryRandomDiceProvider.ts": {"path":"/Users/arthurmehmetoglu/Development/SmallProjects/tenzies-with-redux/src/infrastructure/randomDiceProvider/InMemoryRandomDiceProvider.ts","all":false,"statementMap":{"0":{"start":{"line":1,"column":0},"end":{"line":1,"column":77}},"1":{"start":{"line":2,"column":0},"end":{"line":2,"column":0}},"2":{"start":{"line":3,"column":0},"end":{"line":3,"column":71}},"3":{"start":{"line":4,"column":0},"end":{"line":4,"column":36}},"4":{"start":{"line":5,"column":0},"end":{"line":5,"column":12}},"5":{"start":{"line":6,"column":0},"end":{"line":6,"column":3}},"6":{"start":{"line":7,"column":0},"end":{"line":7,"column":1}}},"s":{"0":1,"1":1,"2":1,"3":1,"4":21,"5":21,"6":1},"branchMap":{"0":{"type":"branch","line":4,"loc":{"start":{"line":4,"column":2},"end":{"line":6,"column":3}},"locations":[{"start":{"line":4,"column":2},"end":{"line":6,"column":3}}]}},"b":{"0":[21]},"fnMap":{"0":{"name":"generateRandomDieValue","decl":{"start":{"line":4,"column":2},"end":{"line":6,"column":3}},"loc":{"start":{"line":4,"column":2},"end":{"line":6,"column":3}},"line":4}},"f":{"0":21}}
}
