TN:
SF:src/app/store.ts
FN:9,configureStoreWith
FN:12,middleware
FNF:2
FNH:2
FNDA:1,configureStoreWith
FNDA:1,middleware
DA:1,1
DA:2,1
DA:3,1
DA:4,1
DA:5,1
DA:6,1
DA:7,1
DA:8,1
DA:9,1
DA:10,1
DA:11,1
DA:12,1
DA:13,1
DA:14,1
DA:15,1
DA:16,1
DA:17,1
DA:18,1
DA:19,1
LF:19
LH:19
BRDA:9,0,0,1
BRDA:12,1,0,1
BRF:2
BRH:2
end_of_record
TN:
SF:src/core/dice/diceSlice.ts
FN:28,extraReducers
FNF:1
FNH:1
FNDA:1,extraReducers
DA:1,1
DA:2,1
DA:3,1
DA:4,1
DA:5,1
DA:6,1
DA:7,1
DA:8,1
DA:9,1
DA:10,1
DA:11,1
DA:12,1
DA:13,1
DA:14,1
DA:15,1
DA:16,1
DA:17,1
DA:18,1
DA:19,1
DA:20,1
DA:21,1
DA:22,1
DA:23,1
DA:24,1
DA:25,1
DA:26,1
DA:27,1
DA:28,1
DA:29,1
DA:30,1
DA:31,1
DA:32,1
DA:33,1
DA:34,1
LF:34
LH:34
BRDA:11,0,0,1
BRDA:28,1,0,1
BRDA:29,2,0,1
BRF:3
BRH:3
end_of_record
TN:
SF:src/core/dice/entities/Die.ts
FN:7,<instance_members_initializer>
FN:7,Die
FNF:2
FNH:2
FNDA:21,<instance_members_initializer>
FNDA:21,Die
DA:1,1
DA:2,1
DA:3,1
DA:4,1
DA:5,1
DA:6,1
DA:7,1
DA:8,1
LF:8
LH:8
BRDA:7,0,0,21
BRDA:7,1,0,21
BRF:2
BRH:2
end_of_record
TN:
SF:src/core/dice/usecases/GenerateRandomDiceUseCase.ts
FN:7,<instance_members_initializer>
FN:6,GenerateRandomDiceUseCase
FN:10,execute
FN:17,generateRandomDice
FNF:4
FNH:4
FNDA:1,<instance_members_initializer>
FNDA:1,GenerateRandomDiceUseCase
FNDA:2,execute
FNDA:20,generateRandomDice
DA:1,1
DA:2,1
DA:3,1
DA:4,1
DA:5,1
DA:6,1
DA:7,1
DA:8,1
DA:9,1
DA:10,1
DA:11,2
DA:12,2
DA:13,2
DA:14,2
DA:15,2
DA:16,1
DA:17,1
DA:18,20
DA:19,20
DA:20,20
DA:21,20
DA:22,20
DA:23,20
DA:24,1
LF:24
LH:24
BRDA:7,0,0,1
BRDA:6,1,0,1
BRDA:10,2,0,2
BRDA:14,3,0,20
BRDA:17,4,0,20
BRF:5
BRH:5
end_of_record
TN:
SF:src/infrastructure/idProvider/InMemoryIdProvider.ts
FN:4,getNew
FNF:1
FNH:1
FNDA:21,getNew
DA:1,1
DA:2,1
DA:3,1
DA:4,1
DA:5,21
DA:6,21
DA:7,1
LF:7
LH:7
BRDA:4,0,0,21
BRF:1
BRH:1
end_of_record
TN:
SF:src/infrastructure/randomDiceProvider/InMemoryRandomDiceProvider.ts
FN:4,generateRandomDieValue
FNF:1
FNH:1
FNDA:21,generateRandomDieValue
DA:1,1
DA:2,1
DA:3,1
DA:4,1
DA:5,21
DA:6,21
DA:7,1
LF:7
LH:7
BRDA:4,0,0,21
BRF:1
BRH:1
end_of_record
